{"C:\\Users\\Michael\\Documents\\10 Webentwicklung\\02 Michael\\15_npm-packages\\01_timeline\\src\\lib\\Timeline\\timeline.utils.ts": {"path":"C:\\Users\\Michael\\Documents\\10 Webentwicklung\\02 Michael\\15_npm-packages\\01_timeline\\src\\lib\\Timeline\\timeline.utils.ts","all":false,"statementMap":{"0":{"start":{"line":1,"column":0},"end":{"line":1,"column":63}},"1":{"start":{"line":2,"column":0},"end":{"line":2,"column":0}},"2":{"start":{"line":3,"column":0},"end":{"line":3,"column":120}},"3":{"start":{"line":4,"column":0},"end":{"line":4,"column":0}},"4":{"start":{"line":5,"column":0},"end":{"line":5,"column":64}},"5":{"start":{"line":6,"column":0},"end":{"line":6,"column":21}},"6":{"start":{"line":7,"column":0},"end":{"line":7,"column":57}},"7":{"start":{"line":8,"column":0},"end":{"line":8,"column":2}},"8":{"start":{"line":9,"column":0},"end":{"line":9,"column":0}},"9":{"start":{"line":10,"column":0},"end":{"line":10,"column":63}},"10":{"start":{"line":11,"column":0},"end":{"line":11,"column":0}},"11":{"start":{"line":12,"column":0},"end":{"line":12,"column":61}},"12":{"start":{"line":13,"column":0},"end":{"line":13,"column":58}},"13":{"start":{"line":14,"column":0},"end":{"line":14,"column":43}},"14":{"start":{"line":15,"column":0},"end":{"line":15,"column":15}},"15":{"start":{"line":16,"column":0},"end":{"line":16,"column":38}},"16":{"start":{"line":17,"column":0},"end":{"line":17,"column":5}},"17":{"start":{"line":18,"column":0},"end":{"line":18,"column":0}},"18":{"start":{"line":19,"column":0},"end":{"line":19,"column":28}},"19":{"start":{"line":20,"column":0},"end":{"line":20,"column":25}},"20":{"start":{"line":21,"column":0},"end":{"line":21,"column":5}},"21":{"start":{"line":22,"column":0},"end":{"line":22,"column":16}},"22":{"start":{"line":23,"column":0},"end":{"line":23,"column":4}},"23":{"start":{"line":24,"column":0},"end":{"line":24,"column":0}},"24":{"start":{"line":25,"column":0},"end":{"line":25,"column":103}},"25":{"start":{"line":26,"column":0},"end":{"line":26,"column":99}},"26":{"start":{"line":27,"column":0},"end":{"line":27,"column":0}},"27":{"start":{"line":28,"column":0},"end":{"line":28,"column":96}},"28":{"start":{"line":29,"column":0},"end":{"line":29,"column":2}},"29":{"start":{"line":30,"column":0},"end":{"line":30,"column":0}},"30":{"start":{"line":31,"column":0},"end":{"line":31,"column":93}},"31":{"start":{"line":32,"column":0},"end":{"line":32,"column":29}},"32":{"start":{"line":33,"column":0},"end":{"line":33,"column":0}},"33":{"start":{"line":34,"column":0},"end":{"line":34,"column":119}},"34":{"start":{"line":35,"column":0},"end":{"line":35,"column":0}},"35":{"start":{"line":36,"column":0},"end":{"line":36,"column":64}},"36":{"start":{"line":37,"column":0},"end":{"line":37,"column":47}},"37":{"start":{"line":38,"column":0},"end":{"line":38,"column":89}},"38":{"start":{"line":39,"column":0},"end":{"line":39,"column":33}},"39":{"start":{"line":40,"column":0},"end":{"line":40,"column":5}},"40":{"start":{"line":41,"column":0},"end":{"line":41,"column":0}},"41":{"start":{"line":42,"column":0},"end":{"line":42,"column":23}},"42":{"start":{"line":43,"column":0},"end":{"line":43,"column":58}},"43":{"start":{"line":44,"column":0},"end":{"line":44,"column":58}},"44":{"start":{"line":45,"column":0},"end":{"line":45,"column":58}},"45":{"start":{"line":46,"column":0},"end":{"line":46,"column":0}},"46":{"start":{"line":47,"column":0},"end":{"line":47,"column":35}},"47":{"start":{"line":48,"column":0},"end":{"line":48,"column":33}},"48":{"start":{"line":49,"column":0},"end":{"line":49,"column":33}},"49":{"start":{"line":50,"column":0},"end":{"line":50,"column":28}},"50":{"start":{"line":51,"column":0},"end":{"line":51,"column":0}},"51":{"start":{"line":52,"column":0},"end":{"line":52,"column":25}},"52":{"start":{"line":53,"column":0},"end":{"line":53,"column":12}},"53":{"start":{"line":54,"column":0},"end":{"line":54,"column":12}},"54":{"start":{"line":55,"column":0},"end":{"line":55,"column":12}},"55":{"start":{"line":56,"column":0},"end":{"line":56,"column":0}},"56":{"start":{"line":57,"column":0},"end":{"line":57,"column":20}},"57":{"start":{"line":58,"column":0},"end":{"line":58,"column":10}},"58":{"start":{"line":59,"column":0},"end":{"line":59,"column":26}},"59":{"start":{"line":60,"column":0},"end":{"line":60,"column":30}},"60":{"start":{"line":61,"column":0},"end":{"line":61,"column":26}},"61":{"start":{"line":62,"column":0},"end":{"line":62,"column":28}},"62":{"start":{"line":63,"column":0},"end":{"line":63,"column":10}},"63":{"start":{"line":64,"column":0},"end":{"line":64,"column":28}},"64":{"start":{"line":65,"column":0},"end":{"line":65,"column":3}},"65":{"start":{"line":66,"column":0},"end":{"line":66,"column":0}},"66":{"start":{"line":67,"column":0},"end":{"line":67,"column":25}},"67":{"start":{"line":68,"column":0},"end":{"line":68,"column":0}},"68":{"start":{"line":69,"column":0},"end":{"line":69,"column":14}},"69":{"start":{"line":70,"column":0},"end":{"line":70,"column":13}},"70":{"start":{"line":71,"column":0},"end":{"line":71,"column":3}},"71":{"start":{"line":72,"column":0},"end":{"line":72,"column":0}},"72":{"start":{"line":73,"column":0},"end":{"line":73,"column":24}},"73":{"start":{"line":74,"column":0},"end":{"line":74,"column":58}},"74":{"start":{"line":75,"column":0},"end":{"line":75,"column":28}},"75":{"start":{"line":76,"column":0},"end":{"line":76,"column":28}},"76":{"start":{"line":77,"column":0},"end":{"line":77,"column":0}},"77":{"start":{"line":78,"column":0},"end":{"line":78,"column":22}},"78":{"start":{"line":79,"column":0},"end":{"line":79,"column":10}},"79":{"start":{"line":80,"column":0},"end":{"line":80,"column":35}},"80":{"start":{"line":81,"column":0},"end":{"line":81,"column":16}},"81":{"start":{"line":82,"column":0},"end":{"line":82,"column":24}},"82":{"start":{"line":83,"column":0},"end":{"line":83,"column":22}},"83":{"start":{"line":84,"column":0},"end":{"line":84,"column":4}},"84":{"start":{"line":85,"column":0},"end":{"line":85,"column":2}}},"s":{"0":1,"1":1,"2":1,"3":1,"4":1,"5":2,"6":1,"7":2,"8":1,"9":1,"10":1,"11":1,"12":8,"13":24,"14":24,"15":1,"16":1,"17":23,"18":23,"19":23,"20":23,"21":0,"22":24,"23":8,"24":8,"25":8,"26":8,"27":8,"28":8,"29":1,"30":1,"31":24,"32":1,"33":1,"34":1,"35":1,"36":8,"37":8,"38":1,"39":8,"40":8,"41":8,"42":8,"43":8,"44":8,"45":8,"46":8,"47":8,"48":8,"49":8,"50":8,"51":8,"52":8,"53":8,"54":8,"55":8,"56":8,"57":1,"58":8,"59":7,"60":7,"61":0,"62":0,"63":0,"64":0,"65":8,"66":8,"67":8,"68":8,"69":0,"70":0,"71":8,"72":8,"73":8,"74":8,"75":8,"76":8,"77":8,"78":8,"79":8,"80":8,"81":8,"82":8,"83":8,"84":8},"branchMap":{"0":{"type":"branch","line":3,"loc":{"start":{"line":3,"column":110},"end":{"line":3,"column":120}},"locations":[{"start":{"line":3,"column":110},"end":{"line":3,"column":120}}]},"1":{"type":"branch","line":3,"loc":{"start":{"line":3,"column":110},"end":{"line":3,"column":120}},"locations":[{"start":{"line":3,"column":110},"end":{"line":3,"column":120}}]},"2":{"type":"branch","line":5,"loc":{"start":{"line":5,"column":30},"end":{"line":8,"column":2}},"locations":[{"start":{"line":5,"column":30},"end":{"line":8,"column":2}}]},"3":{"type":"branch","line":6,"loc":{"start":{"line":6,"column":14},"end":{"line":8,"column":2}},"locations":[{"start":{"line":6,"column":14},"end":{"line":8,"column":2}}]},"4":{"type":"branch","line":8,"loc":{"start":{"line":8,"column":0},"end":{"line":8,"column":2}},"locations":[{"start":{"line":8,"column":0},"end":{"line":8,"column":2}}]},"5":{"type":"branch","line":10,"loc":{"start":{"line":10,"column":28},"end":{"line":10,"column":63}},"locations":[{"start":{"line":10,"column":28},"end":{"line":10,"column":63}}]},"6":{"type":"branch","line":12,"loc":{"start":{"line":12,"column":34},"end":{"line":29,"column":2}},"locations":[{"start":{"line":12,"column":34},"end":{"line":29,"column":2}}]},"7":{"type":"branch","line":13,"loc":{"start":{"line":13,"column":18},"end":{"line":23,"column":4}},"locations":[{"start":{"line":13,"column":18},"end":{"line":23,"column":4}}]},"8":{"type":"branch","line":15,"loc":{"start":{"line":15,"column":14},"end":{"line":17,"column":5}},"locations":[{"start":{"line":15,"column":14},"end":{"line":17,"column":5}}]},"9":{"type":"branch","line":17,"loc":{"start":{"line":17,"column":4},"end":{"line":21,"column":5}},"locations":[{"start":{"line":17,"column":4},"end":{"line":21,"column":5}}]},"10":{"type":"branch","line":21,"loc":{"start":{"line":21,"column":4},"end":{"line":22,"column":16}},"locations":[{"start":{"line":21,"column":4},"end":{"line":22,"column":16}}]},"11":{"type":"branch","line":25,"loc":{"start":{"line":25,"column":39},"end":{"line":25,"column":74}},"locations":[{"start":{"line":25,"column":39},"end":{"line":25,"column":74}}]},"12":{"type":"branch","line":26,"loc":{"start":{"line":26,"column":37},"end":{"line":26,"column":70}},"locations":[{"start":{"line":26,"column":37},"end":{"line":26,"column":70}}]},"13":{"type":"branch","line":29,"loc":{"start":{"line":29,"column":0},"end":{"line":29,"column":2}},"locations":[{"start":{"line":29,"column":0},"end":{"line":29,"column":2}}]},"14":{"type":"branch","line":31,"loc":{"start":{"line":31,"column":29},"end":{"line":32,"column":29}},"locations":[{"start":{"line":31,"column":29},"end":{"line":32,"column":29}}]},"15":{"type":"branch","line":32,"loc":{"start":{"line":32,"column":27},"end":{"line":32,"column":29}},"locations":[{"start":{"line":32,"column":27},"end":{"line":32,"column":29}}]},"16":{"type":"branch","line":34,"loc":{"start":{"line":34,"column":29},"end":{"line":34,"column":119}},"locations":[{"start":{"line":34,"column":29},"end":{"line":34,"column":119}}]},"17":{"type":"branch","line":34,"loc":{"start":{"line":34,"column":65},"end":{"line":34,"column":117}},"locations":[{"start":{"line":34,"column":65},"end":{"line":34,"column":117}}]},"18":{"type":"branch","line":34,"loc":{"start":{"line":34,"column":117},"end":{"line":34,"column":119}},"locations":[{"start":{"line":34,"column":117},"end":{"line":34,"column":119}}]},"19":{"type":"branch","line":36,"loc":{"start":{"line":36,"column":24},"end":{"line":85,"column":2}},"locations":[{"start":{"line":36,"column":24},"end":{"line":85,"column":2}}]},"20":{"type":"branch","line":57,"loc":{"start":{"line":57,"column":19},"end":{"line":59,"column":13}},"locations":[{"start":{"line":57,"column":19},"end":{"line":59,"column":13}}]},"21":{"type":"branch","line":59,"loc":{"start":{"line":59,"column":2},"end":{"line":65,"column":3}},"locations":[{"start":{"line":59,"column":2},"end":{"line":65,"column":3}}]},"22":{"type":"branch","line":61,"loc":{"start":{"line":61,"column":2},"end":{"line":65,"column":3}},"locations":[{"start":{"line":61,"column":2},"end":{"line":65,"column":3}}]},"23":{"type":"branch","line":69,"loc":{"start":{"line":69,"column":13},"end":{"line":71,"column":3}},"locations":[{"start":{"line":69,"column":13},"end":{"line":71,"column":3}}]},"24":{"type":"branch","line":74,"loc":{"start":{"line":74,"column":16},"end":{"line":74,"column":24}},"locations":[{"start":{"line":74,"column":16},"end":{"line":74,"column":24}}]},"25":{"type":"branch","line":74,"loc":{"start":{"line":74,"column":20},"end":{"line":74,"column":58}},"locations":[{"start":{"line":74,"column":20},"end":{"line":74,"column":58}}]},"26":{"type":"branch","line":38,"loc":{"start":{"line":38,"column":72},"end":{"line":40,"column":3}},"locations":[{"start":{"line":38,"column":72},"end":{"line":40,"column":3}}]},"27":{"type":"branch","line":85,"loc":{"start":{"line":85,"column":0},"end":{"line":85,"column":2}},"locations":[{"start":{"line":85,"column":0},"end":{"line":85,"column":2}}]}},"b":{"0":[28],"1":[2],"2":[2],"3":[1],"4":[2],"5":[23],"6":[8],"7":[24],"8":[1],"9":[23],"10":[0],"11":[12],"12":[12],"13":[8],"14":[24],"15":[24],"16":[8],"17":[4],"18":[8],"19":[8],"20":[1],"21":[7],"22":[0],"23":[0],"24":[1],"25":[7],"26":[1],"27":[8]},"fnMap":{"0":{"name":"notNullOrUndefined","decl":{"start":{"line":3,"column":110},"end":{"line":3,"column":120}},"loc":{"start":{"line":3,"column":110},"end":{"line":3,"column":120}},"line":3},"1":{"name":"get","decl":{"start":{"line":3,"column":110},"end":{"line":3,"column":120}},"loc":{"start":{"line":3,"column":110},"end":{"line":3,"column":120}},"line":3},"2":{"name":"setCSSVariable","decl":{"start":{"line":5,"column":30},"end":{"line":8,"column":2}},"loc":{"start":{"line":5,"column":30},"end":{"line":8,"column":2}},"line":5},"3":{"name":"get","decl":{"start":{"line":8,"column":0},"end":{"line":8,"column":2}},"loc":{"start":{"line":8,"column":0},"end":{"line":8,"column":2}},"line":8},"4":{"name":"isYearNumber","decl":{"start":{"line":10,"column":28},"end":{"line":10,"column":63}},"loc":{"start":{"line":10,"column":28},"end":{"line":10,"column":63}},"line":10},"5":{"name":"get","decl":{"start":{"line":10,"column":61},"end":{"line":10,"column":63}},"loc":{"start":{"line":10,"column":61},"end":{"line":10,"column":63}},"line":10},"6":{"name":"getTimelineBorders","decl":{"start":{"line":12,"column":34},"end":{"line":29,"column":2}},"loc":{"start":{"line":12,"column":34},"end":{"line":29,"column":2}},"line":12},"7":{"name":"getYear","decl":{"start":{"line":13,"column":18},"end":{"line":23,"column":4}},"loc":{"start":{"line":13,"column":18},"end":{"line":23,"column":4}},"line":13},"8":{"name":"get","decl":{"start":{"line":29,"column":0},"end":{"line":29,"column":2}},"loc":{"start":{"line":29,"column":0},"end":{"line":29,"column":2}},"line":29},"9":{"name":"generateArray","decl":{"start":{"line":31,"column":29},"end":{"line":32,"column":29}},"loc":{"start":{"line":31,"column":29},"end":{"line":32,"column":29}},"line":31},"10":{"name":"get","decl":{"start":{"line":32,"column":27},"end":{"line":32,"column":29}},"loc":{"start":{"line":32,"column":27},"end":{"line":32,"column":29}},"line":32},"11":{"name":"getSortedData","decl":{"start":{"line":34,"column":29},"end":{"line":34,"column":119}},"loc":{"start":{"line":34,"column":29},"end":{"line":34,"column":119}},"line":34},"12":{"name":"get","decl":{"start":{"line":34,"column":117},"end":{"line":34,"column":119}},"loc":{"start":{"line":34,"column":117},"end":{"line":34,"column":119}},"line":34},"13":{"name":"hexToHsl","decl":{"start":{"line":36,"column":24},"end":{"line":85,"column":2}},"loc":{"start":{"line":36,"column":24},"end":{"line":85,"column":2}},"line":36},"14":{"name":"get","decl":{"start":{"line":85,"column":0},"end":{"line":85,"column":2}},"loc":{"start":{"line":85,"column":0},"end":{"line":85,"column":2}},"line":85}},"f":{"0":28,"1":2,"2":2,"3":2,"4":23,"5":0,"6":8,"7":24,"8":8,"9":24,"10":24,"11":8,"12":8,"13":8,"14":8}}
,"C:\\Users\\Michael\\Documents\\10 Webentwicklung\\02 Michael\\15_npm-packages\\01_timeline\\src\\lib\\hooks\\useColorMap.ts": {"path":"C:\\Users\\Michael\\Documents\\10 Webentwicklung\\02 Michael\\15_npm-packages\\01_timeline\\src\\lib\\hooks\\useColorMap.ts","all":false,"statementMap":{"0":{"start":{"line":1,"column":0},"end":{"line":1,"column":74}},"1":{"start":{"line":2,"column":0},"end":{"line":2,"column":78}},"2":{"start":{"line":3,"column":0},"end":{"line":3,"column":0}},"3":{"start":{"line":4,"column":0},"end":{"line":4,"column":99}},"4":{"start":{"line":5,"column":0},"end":{"line":5,"column":37}},"5":{"start":{"line":6,"column":0},"end":{"line":6,"column":0}},"6":{"start":{"line":7,"column":0},"end":{"line":7,"column":21}},"7":{"start":{"line":8,"column":0},"end":{"line":8,"column":29}},"8":{"start":{"line":9,"column":0},"end":{"line":9,"column":28}},"9":{"start":{"line":10,"column":0},"end":{"line":10,"column":0}},"10":{"start":{"line":11,"column":0},"end":{"line":11,"column":57}},"11":{"start":{"line":12,"column":0},"end":{"line":12,"column":43}},"12":{"start":{"line":13,"column":0},"end":{"line":13,"column":82}},"13":{"start":{"line":14,"column":0},"end":{"line":14,"column":116}},"14":{"start":{"line":15,"column":0},"end":{"line":15,"column":116}},"15":{"start":{"line":16,"column":0},"end":{"line":16,"column":0}},"16":{"start":{"line":17,"column":0},"end":{"line":17,"column":64}},"17":{"start":{"line":18,"column":0},"end":{"line":18,"column":2}},"18":{"start":{"line":19,"column":0},"end":{"line":19,"column":0}},"19":{"start":{"line":20,"column":0},"end":{"line":20,"column":85}},"20":{"start":{"line":21,"column":0},"end":{"line":21,"column":84}},"21":{"start":{"line":22,"column":0},"end":{"line":22,"column":68}},"22":{"start":{"line":23,"column":0},"end":{"line":23,"column":0}},"23":{"start":{"line":24,"column":0},"end":{"line":24,"column":58}},"24":{"start":{"line":25,"column":0},"end":{"line":25,"column":41}},"25":{"start":{"line":26,"column":0},"end":{"line":26,"column":0}},"26":{"start":{"line":27,"column":0},"end":{"line":27,"column":68}},"27":{"start":{"line":28,"column":0},"end":{"line":28,"column":81}},"28":{"start":{"line":29,"column":0},"end":{"line":29,"column":0}},"29":{"start":{"line":30,"column":0},"end":{"line":30,"column":58}},"30":{"start":{"line":31,"column":0},"end":{"line":31,"column":70}},"31":{"start":{"line":32,"column":0},"end":{"line":32,"column":0}},"32":{"start":{"line":33,"column":0},"end":{"line":33,"column":71}},"33":{"start":{"line":34,"column":0},"end":{"line":34,"column":0}},"34":{"start":{"line":35,"column":0},"end":{"line":35,"column":38}},"35":{"start":{"line":36,"column":0},"end":{"line":36,"column":0}},"36":{"start":{"line":37,"column":0},"end":{"line":37,"column":44}},"37":{"start":{"line":38,"column":0},"end":{"line":38,"column":23}},"38":{"start":{"line":39,"column":0},"end":{"line":39,"column":32}},"39":{"start":{"line":40,"column":0},"end":{"line":40,"column":0}},"40":{"start":{"line":41,"column":0},"end":{"line":41,"column":18}},"41":{"start":{"line":42,"column":0},"end":{"line":42,"column":2}}},"s":{"0":1,"1":1,"2":1,"3":1,"4":5,"5":5,"6":5,"7":5,"8":5,"9":5,"10":5,"11":5,"12":5,"13":5,"14":5,"15":5,"16":5,"17":5,"18":1,"19":1,"20":2,"21":2,"22":2,"23":2,"24":2,"25":2,"26":2,"27":5,"28":5,"29":5,"30":5,"31":5,"32":5,"33":5,"34":5,"35":5,"36":5,"37":5,"38":2,"39":2,"40":2,"41":2},"branchMap":{"0":{"type":"branch","line":4,"loc":{"start":{"line":4,"column":30},"end":{"line":18,"column":2}},"locations":[{"start":{"line":4,"column":30},"end":{"line":18,"column":2}}]},"1":{"type":"branch","line":20,"loc":{"start":{"line":20,"column":27},"end":{"line":42,"column":2}},"locations":[{"start":{"line":20,"column":27},"end":{"line":42,"column":2}}]},"2":{"type":"branch","line":24,"loc":{"start":{"line":24,"column":36},"end":{"line":24,"column":56}},"locations":[{"start":{"line":24,"column":36},"end":{"line":24,"column":56}}]},"3":{"type":"branch","line":27,"loc":{"start":{"line":27,"column":36},"end":{"line":39,"column":5}},"locations":[{"start":{"line":27,"column":36},"end":{"line":39,"column":5}}]},"4":{"type":"branch","line":31,"loc":{"start":{"line":31,"column":48},"end":{"line":31,"column":70}},"locations":[{"start":{"line":31,"column":48},"end":{"line":31,"column":70}}]},"5":{"type":"branch","line":35,"loc":{"start":{"line":35,"column":19},"end":{"line":35,"column":38}},"locations":[{"start":{"line":35,"column":19},"end":{"line":35,"column":38}}]},"6":{"type":"branch","line":42,"loc":{"start":{"line":42,"column":0},"end":{"line":42,"column":2}},"locations":[{"start":{"line":42,"column":0},"end":{"line":42,"column":2}}]}},"b":{"0":[5],"1":[2],"2":[5],"3":[5],"4":[1],"5":[0],"6":[2]},"fnMap":{"0":{"name":"generateColorVariants","decl":{"start":{"line":4,"column":30},"end":{"line":18,"column":2}},"loc":{"start":{"line":4,"column":30},"end":{"line":18,"column":2}},"line":4},"1":{"name":"useColorMap","decl":{"start":{"line":20,"column":27},"end":{"line":42,"column":2}},"loc":{"start":{"line":20,"column":27},"end":{"line":42,"column":2}},"line":20},"2":{"name":"get","decl":{"start":{"line":42,"column":0},"end":{"line":42,"column":2}},"loc":{"start":{"line":42,"column":0},"end":{"line":42,"column":2}},"line":42}},"f":{"0":5,"1":2,"2":2}}
,"C:\\Users\\Michael\\Documents\\10 Webentwicklung\\02 Michael\\15_npm-packages\\01_timeline\\src\\lib\\hooks\\useTimeline.ts": {"path":"C:\\Users\\Michael\\Documents\\10 Webentwicklung\\02 Michael\\15_npm-packages\\01_timeline\\src\\lib\\hooks\\useTimeline.ts","all":false,"statementMap":{"0":{"start":{"line":1,"column":0},"end":{"line":1,"column":45}},"1":{"start":{"line":2,"column":0},"end":{"line":2,"column":94}},"2":{"start":{"line":3,"column":0},"end":{"line":3,"column":98}},"3":{"start":{"line":4,"column":0},"end":{"line":4,"column":0}},"4":{"start":{"line":5,"column":0},"end":{"line":5,"column":111}},"5":{"start":{"line":6,"column":0},"end":{"line":6,"column":49}},"6":{"start":{"line":7,"column":0},"end":{"line":7,"column":0}},"7":{"start":{"line":8,"column":0},"end":{"line":8,"column":64}},"8":{"start":{"line":9,"column":0},"end":{"line":9,"column":75}},"9":{"start":{"line":10,"column":0},"end":{"line":10,"column":73}},"10":{"start":{"line":11,"column":0},"end":{"line":11,"column":0}},"11":{"start":{"line":12,"column":0},"end":{"line":12,"column":100}},"12":{"start":{"line":13,"column":0},"end":{"line":13,"column":0}},"13":{"start":{"line":14,"column":0},"end":{"line":14,"column":25}},"14":{"start":{"line":15,"column":0},"end":{"line":15,"column":9}},"15":{"start":{"line":16,"column":0},"end":{"line":16,"column":39}},"16":{"start":{"line":17,"column":0},"end":{"line":17,"column":69}},"17":{"start":{"line":18,"column":0},"end":{"line":18,"column":69}},"18":{"start":{"line":19,"column":0},"end":{"line":19,"column":27}},"19":{"start":{"line":20,"column":0},"end":{"line":20,"column":11}},"20":{"start":{"line":21,"column":0},"end":{"line":21,"column":9}},"21":{"start":{"line":22,"column":0},"end":{"line":22,"column":15}},"22":{"start":{"line":23,"column":0},"end":{"line":23,"column":4}},"23":{"start":{"line":24,"column":0},"end":{"line":24,"column":0}},"24":{"start":{"line":25,"column":0},"end":{"line":25,"column":24}},"25":{"start":{"line":26,"column":0},"end":{"line":26,"column":9}},"26":{"start":{"line":27,"column":0},"end":{"line":27,"column":58}},"27":{"start":{"line":28,"column":0},"end":{"line":28,"column":35}},"28":{"start":{"line":29,"column":0},"end":{"line":29,"column":85}},"29":{"start":{"line":30,"column":0},"end":{"line":30,"column":9}},"30":{"start":{"line":31,"column":0},"end":{"line":31,"column":55}},"31":{"start":{"line":32,"column":0},"end":{"line":32,"column":9}},"32":{"start":{"line":33,"column":0},"end":{"line":33,"column":57}},"33":{"start":{"line":34,"column":0},"end":{"line":34,"column":4}},"34":{"start":{"line":35,"column":0},"end":{"line":35,"column":0}},"35":{"start":{"line":36,"column":0},"end":{"line":36,"column":117}},"36":{"start":{"line":37,"column":0},"end":{"line":37,"column":0}},"37":{"start":{"line":38,"column":0},"end":{"line":38,"column":47}},"38":{"start":{"line":39,"column":0},"end":{"line":39,"column":29}},"39":{"start":{"line":40,"column":0},"end":{"line":40,"column":66}},"40":{"start":{"line":41,"column":0},"end":{"line":41,"column":0}},"41":{"start":{"line":42,"column":0},"end":{"line":42,"column":71}},"42":{"start":{"line":43,"column":0},"end":{"line":43,"column":76}},"43":{"start":{"line":44,"column":0},"end":{"line":44,"column":0}},"44":{"start":{"line":45,"column":0},"end":{"line":45,"column":39}},"45":{"start":{"line":46,"column":0},"end":{"line":46,"column":6}},"46":{"start":{"line":47,"column":0},"end":{"line":47,"column":23}},"47":{"start":{"line":48,"column":0},"end":{"line":48,"column":4}},"48":{"start":{"line":49,"column":0},"end":{"line":49,"column":0}},"49":{"start":{"line":50,"column":0},"end":{"line":50,"column":77}},"50":{"start":{"line":51,"column":0},"end":{"line":51,"column":0}},"51":{"start":{"line":52,"column":0},"end":{"line":52,"column":32}},"52":{"start":{"line":53,"column":0},"end":{"line":53,"column":9}},"53":{"start":{"line":54,"column":0},"end":{"line":54,"column":94}},"54":{"start":{"line":55,"column":0},"end":{"line":55,"column":55}},"55":{"start":{"line":56,"column":0},"end":{"line":56,"column":0}},"56":{"start":{"line":57,"column":0},"end":{"line":57,"column":70}},"57":{"start":{"line":58,"column":0},"end":{"line":58,"column":66}},"58":{"start":{"line":59,"column":0},"end":{"line":59,"column":61}},"59":{"start":{"line":60,"column":0},"end":{"line":60,"column":0}},"60":{"start":{"line":61,"column":0},"end":{"line":61,"column":23}},"61":{"start":{"line":62,"column":0},"end":{"line":62,"column":38}},"62":{"start":{"line":63,"column":0},"end":{"line":63,"column":0}},"63":{"start":{"line":64,"column":0},"end":{"line":64,"column":12}},"64":{"start":{"line":65,"column":0},"end":{"line":65,"column":44}},"65":{"start":{"line":66,"column":0},"end":{"line":66,"column":54}},"66":{"start":{"line":67,"column":0},"end":{"line":67,"column":63}},"67":{"start":{"line":68,"column":0},"end":{"line":68,"column":0}},"68":{"start":{"line":69,"column":0},"end":{"line":69,"column":41}},"69":{"start":{"line":70,"column":0},"end":{"line":70,"column":35}},"70":{"start":{"line":71,"column":0},"end":{"line":71,"column":0}},"71":{"start":{"line":72,"column":0},"end":{"line":72,"column":54}},"72":{"start":{"line":73,"column":0},"end":{"line":73,"column":52}},"73":{"start":{"line":74,"column":0},"end":{"line":74,"column":46}},"74":{"start":{"line":75,"column":0},"end":{"line":75,"column":0}},"75":{"start":{"line":76,"column":0},"end":{"line":76,"column":85}},"76":{"start":{"line":77,"column":0},"end":{"line":77,"column":0}},"77":{"start":{"line":78,"column":0},"end":{"line":78,"column":112}},"78":{"start":{"line":79,"column":0},"end":{"line":79,"column":102}},"79":{"start":{"line":80,"column":0},"end":{"line":80,"column":0}},"80":{"start":{"line":81,"column":0},"end":{"line":81,"column":45}},"81":{"start":{"line":82,"column":0},"end":{"line":82,"column":25}},"82":{"start":{"line":83,"column":0},"end":{"line":83,"column":17}},"83":{"start":{"line":84,"column":0},"end":{"line":84,"column":19}},"84":{"start":{"line":85,"column":0},"end":{"line":85,"column":23}},"85":{"start":{"line":86,"column":0},"end":{"line":86,"column":21}},"86":{"start":{"line":87,"column":0},"end":{"line":87,"column":40}},"87":{"start":{"line":88,"column":0},"end":{"line":88,"column":10}},"88":{"start":{"line":89,"column":0},"end":{"line":89,"column":0}},"89":{"start":{"line":90,"column":0},"end":{"line":90,"column":38}},"90":{"start":{"line":91,"column":0},"end":{"line":91,"column":13}},"91":{"start":{"line":92,"column":0},"end":{"line":92,"column":87}},"92":{"start":{"line":93,"column":0},"end":{"line":93,"column":4}},"93":{"start":{"line":94,"column":0},"end":{"line":94,"column":0}},"94":{"start":{"line":95,"column":0},"end":{"line":95,"column":45}},"95":{"start":{"line":96,"column":0},"end":{"line":96,"column":24}},"96":{"start":{"line":97,"column":0},"end":{"line":97,"column":97}},"97":{"start":{"line":98,"column":0},"end":{"line":98,"column":36}},"98":{"start":{"line":99,"column":0},"end":{"line":99,"column":23}},"99":{"start":{"line":100,"column":0},"end":{"line":100,"column":7}},"100":{"start":{"line":101,"column":0},"end":{"line":101,"column":18}},"101":{"start":{"line":102,"column":0},"end":{"line":102,"column":6}},"102":{"start":{"line":103,"column":0},"end":{"line":103,"column":14}},"103":{"start":{"line":104,"column":0},"end":{"line":104,"column":4}},"104":{"start":{"line":105,"column":0},"end":{"line":105,"column":0}},"105":{"start":{"line":106,"column":0},"end":{"line":106,"column":10}},"106":{"start":{"line":107,"column":0},"end":{"line":107,"column":13}},"107":{"start":{"line":108,"column":0},"end":{"line":108,"column":18}},"108":{"start":{"line":109,"column":0},"end":{"line":109,"column":10}},"109":{"start":{"line":110,"column":0},"end":{"line":110,"column":27}},"110":{"start":{"line":111,"column":0},"end":{"line":111,"column":4}},"111":{"start":{"line":112,"column":0},"end":{"line":112,"column":2}}},"s":{"0":1,"1":1,"2":1,"3":1,"4":1,"5":8,"6":8,"7":8,"8":8,"9":8,"10":8,"11":8,"12":8,"13":8,"14":8,"15":8,"16":96,"17":96,"18":96,"19":96,"20":8,"21":8,"22":8,"23":8,"24":8,"25":8,"26":8,"27":16,"28":4,"29":4,"30":12,"31":8,"32":8,"33":8,"34":8,"35":8,"36":8,"37":8,"38":8,"39":24,"40":24,"41":24,"42":24,"43":24,"44":24,"45":24,"46":8,"47":8,"48":8,"49":8,"50":8,"51":8,"52":8,"53":8,"54":12,"55":12,"56":12,"57":12,"58":12,"59":12,"60":12,"61":12,"62":12,"63":12,"64":16,"65":16,"66":16,"67":16,"68":16,"69":12,"70":12,"71":12,"72":12,"73":12,"74":12,"75":12,"76":12,"77":12,"78":12,"79":12,"80":12,"81":12,"82":12,"83":12,"84":12,"85":12,"86":12,"87":12,"88":12,"89":12,"90":8,"91":8,"92":8,"93":8,"94":8,"95":8,"96":2,"97":2,"98":1,"99":1,"100":1,"101":2,"102":8,"103":8,"104":8,"105":8,"106":8,"107":8,"108":8,"109":8,"110":8,"111":8},"branchMap":{"0":{"type":"branch","line":5,"loc":{"start":{"line":5,"column":27},"end":{"line":112,"column":2}},"locations":[{"start":{"line":5,"column":27},"end":{"line":112,"column":2}}]},"1":{"type":"branch","line":9,"loc":{"start":{"line":9,"column":36},"end":{"line":9,"column":64}},"locations":[{"start":{"line":9,"column":36},"end":{"line":9,"column":64}}]},"2":{"type":"branch","line":10,"loc":{"start":{"line":10,"column":34},"end":{"line":10,"column":62}},"locations":[{"start":{"line":10,"column":34},"end":{"line":10,"column":62}}]},"3":{"type":"branch","line":15,"loc":{"start":{"line":15,"column":4},"end":{"line":21,"column":9}},"locations":[{"start":{"line":15,"column":4},"end":{"line":21,"column":9}}]},"4":{"type":"branch","line":16,"loc":{"start":{"line":16,"column":24},"end":{"line":21,"column":7}},"locations":[{"start":{"line":16,"column":24},"end":{"line":21,"column":7}}]},"5":{"type":"branch","line":17,"loc":{"start":{"line":17,"column":41},"end":{"line":17,"column":63}},"locations":[{"start":{"line":17,"column":41},"end":{"line":17,"column":63}}]},"6":{"type":"branch","line":17,"loc":{"start":{"line":17,"column":55},"end":{"line":17,"column":69}},"locations":[{"start":{"line":17,"column":55},"end":{"line":17,"column":69}}]},"7":{"type":"branch","line":26,"loc":{"start":{"line":26,"column":4},"end":{"line":32,"column":9}},"locations":[{"start":{"line":26,"column":4},"end":{"line":32,"column":9}}]},"8":{"type":"branch","line":27,"loc":{"start":{"line":27,"column":43},"end":{"line":32,"column":7}},"locations":[{"start":{"line":27,"column":43},"end":{"line":32,"column":7}}]},"9":{"type":"branch","line":28,"loc":{"start":{"line":28,"column":34},"end":{"line":30,"column":9}},"locations":[{"start":{"line":28,"column":34},"end":{"line":30,"column":9}}]},"10":{"type":"branch","line":30,"loc":{"start":{"line":30,"column":8},"end":{"line":31,"column":55}},"locations":[{"start":{"line":30,"column":8},"end":{"line":31,"column":55}}]},"11":{"type":"branch","line":36,"loc":{"start":{"line":36,"column":27},"end":{"line":36,"column":100}},"locations":[{"start":{"line":36,"column":27},"end":{"line":36,"column":100}}]},"12":{"type":"branch","line":36,"loc":{"start":{"line":36,"column":47},"end":{"line":36,"column":97}},"locations":[{"start":{"line":36,"column":47},"end":{"line":36,"column":97}}]},"13":{"type":"branch","line":36,"loc":{"start":{"line":36,"column":68},"end":{"line":36,"column":96}},"locations":[{"start":{"line":36,"column":68},"end":{"line":36,"column":96}}]},"14":{"type":"branch","line":39,"loc":{"start":{"line":39,"column":4},"end":{"line":46,"column":6}},"locations":[{"start":{"line":39,"column":4},"end":{"line":46,"column":6}}]},"15":{"type":"branch","line":40,"loc":{"start":{"line":40,"column":19},"end":{"line":40,"column":55}},"locations":[{"start":{"line":40,"column":19},"end":{"line":40,"column":55}}]},"16":{"type":"branch","line":40,"loc":{"start":{"line":40,"column":51},"end":{"line":40,"column":66}},"locations":[{"start":{"line":40,"column":51},"end":{"line":40,"column":66}}]},"17":{"type":"branch","line":50,"loc":{"start":{"line":50,"column":67},"end":{"line":50,"column":75}},"locations":[{"start":{"line":50,"column":67},"end":{"line":50,"column":75}}]},"18":{"type":"branch","line":53,"loc":{"start":{"line":53,"column":4},"end":{"line":91,"column":13}},"locations":[{"start":{"line":53,"column":4},"end":{"line":91,"column":13}}]},"19":{"type":"branch","line":54,"loc":{"start":{"line":54,"column":24},"end":{"line":91,"column":9}},"locations":[{"start":{"line":54,"column":24},"end":{"line":91,"column":9}}]},"20":{"type":"branch","line":64,"loc":{"start":{"line":64,"column":11},"end":{"line":70,"column":17}},"locations":[{"start":{"line":64,"column":11},"end":{"line":70,"column":17}}]},"21":{"type":"branch","line":69,"loc":{"start":{"line":69,"column":32},"end":{"line":69,"column":41}},"locations":[{"start":{"line":69,"column":32},"end":{"line":69,"column":41}}]},"22":{"type":"branch","line":78,"loc":{"start":{"line":78,"column":43},"end":{"line":78,"column":92}},"locations":[{"start":{"line":78,"column":43},"end":{"line":78,"column":92}}]},"23":{"type":"branch","line":78,"loc":{"start":{"line":78,"column":88},"end":{"line":78,"column":112}},"locations":[{"start":{"line":78,"column":88},"end":{"line":78,"column":112}}]},"24":{"type":"branch","line":79,"loc":{"start":{"line":79,"column":41},"end":{"line":79,"column":84}},"locations":[{"start":{"line":79,"column":41},"end":{"line":79,"column":84}}]},"25":{"type":"branch","line":79,"loc":{"start":{"line":79,"column":68},"end":{"line":79,"column":102}},"locations":[{"start":{"line":79,"column":68},"end":{"line":79,"column":102}}]},"26":{"type":"branch","line":67,"loc":{"start":{"line":67,"column":18},"end":{"line":67,"column":61}},"locations":[{"start":{"line":67,"column":18},"end":{"line":67,"column":61}}]},"27":{"type":"branch","line":74,"loc":{"start":{"line":74,"column":15},"end":{"line":74,"column":44}},"locations":[{"start":{"line":74,"column":15},"end":{"line":74,"column":44}}]},"28":{"type":"branch","line":96,"loc":{"start":{"line":96,"column":4},"end":{"line":102,"column":6}},"locations":[{"start":{"line":96,"column":4},"end":{"line":102,"column":6}}]},"29":{"type":"branch","line":98,"loc":{"start":{"line":98,"column":35},"end":{"line":101,"column":18}},"locations":[{"start":{"line":98,"column":35},"end":{"line":101,"column":18}}]},"30":{"type":"branch","line":112,"loc":{"start":{"line":112,"column":0},"end":{"line":112,"column":2}},"locations":[{"start":{"line":112,"column":0},"end":{"line":112,"column":2}}]}},"b":{"0":[8],"1":[8],"2":[8],"3":[8],"4":[96],"5":[24],"6":[72],"7":[8],"8":[16],"9":[4],"10":[12],"11":[8],"12":[16],"13":[192],"14":[24],"15":[23],"16":[1],"17":[192],"18":[8],"19":[12],"20":[16],"21":[4],"22":[3],"23":[9],"24":[3],"25":[9],"26":[172],"27":[168],"28":[2],"29":[1],"30":[8]},"fnMap":{"0":{"name":"useTimeline","decl":{"start":{"line":5,"column":27},"end":{"line":112,"column":2}},"loc":{"start":{"line":5,"column":27},"end":{"line":112,"column":2}},"line":5},"1":{"name":"get","decl":{"start":{"line":112,"column":0},"end":{"line":112,"column":2}},"loc":{"start":{"line":112,"column":0},"end":{"line":112,"column":2}},"line":112}},"f":{"0":8,"1":8}}
}
